<?xml version="1.0" encoding="UTF-8"?>
<testsuites name="New Test Suite" time="6.531" tests="1" failures="0" errors="0">
   <testsuite name="New Test Suite" tests="1" failures="0" errors="0" time="6.531" skipped="0" timestamp="2022-09-17 07:51:02" hostname="karthik paperflite - DESKTOP-EJ642PJ" id="Test Suites/New Test Suite">
      <properties>
         <property name="deviceName" value=""/>
         <property name="devicePlatform" value=""/>
         <property name="logFolder" value="C:\\Users\\karthik paperflite\\Katalon Studio\\Sample\\Reports\\20220917_075100\\New Test Suite\\20220917_075100"/>
         <property name="logFiles" value="C:\\Users\\karthik paperflite\\Katalon Studio\\Sample\\Reports\\20220917_075100\\New Test Suite\\20220917_075100\\execution0.log"/>
         <property name="attachments" value="C:\\Users\\karthik paperflite\\Katalon Studio\\Sample\\Reports\\20220917_075100\\New Test Suite\\20220917_075100\\1663381268071.png"/>
         <property name="hostName" value="karthik paperflite - DESKTOP-EJ642PJ"/>
         <property name="os" value="Windows 10 64bit"/>
         <property name="katalonVersion" value="8.4.0.208"/>
         <property name="browser" value="Chrome 105.0.0.0"/>
         <property name="hostAddress" value="192.168.1.17"/>
         <property name="sessionId" value="94f22b02f9c70602f8dcb09dd4315719"/>
         <property name="seleniumVersion" value="3.141.59"/>
         <property name="proxyInformation" value="ProxyInformation { proxyOption=NO_PROXY, proxyServerType=HTTP, username=, password=********, proxyServerAddress=, proxyServerPort=0, executionList=&quot;&quot;, isApplyToDesiredCapabilities=true }"/>
         <property name="platform" value="Windows 10"/>
      </properties>
      <testcase name="Test Cases/Test Case 1" time="6.209" classname="Test Cases/Test Case 1" status="PASSED">
         <system-out><![CDATA[2022-09-17 07:51:02 - [TEST_CASE][PASSED] - Test Cases/Test Case 1: Test Cases/Test Case 1

2022-09-17 07:51:03 - [TEST_STEP][PASSED] - openBrowser(""): Browser is opened with url: ''

2022-09-17 07:51:03 - [MESSAGE][INFO] - Starting 'Chrome' driver

2022-09-17 07:51:03 - [MESSAGE][INFO] - Action delay is set to 0 milliseconds

2022-09-17 07:51:05 - [MESSAGE][PASSED] - Browser is opened with url: ''

2022-09-17 07:51:05 - [TEST_STEP][PASSED] - navigateToUrl("https://www.flipkart.com/"): Navigate to 'https://www.flipkart.com/' successfully

2022-09-17 07:51:07 - [MESSAGE][PASSED] - Navigate to 'https://www.flipkart.com/' successfully

2022-09-17 07:51:07 - [TEST_STEP][PASSED] - takeScreenshot(): Taking screenshot successfully

2022-09-17 07:51:08 - [MESSAGE][PASSED] - Taking screenshot successfully
[[ATTACHMENT|C:\\Users\\karthik paperflite\\Katalon Studio\\Sample\\Reports\\20220917_075100\\New Test Suite\\20220917_075100\\1663381268071.png]]

2022-09-17 07:51:08 - [TEST_STEP][PASSED] - closeBrowser(): Browser is closed

2022-09-17 07:51:09 - [MESSAGE][PASSED] - Browser is closed]]></system-out>
         <system-err><![CDATA[]]></system-err>
      </testcase>
      <system-out><![CDATA[2022-09-17 07:51:02 - [TEST_SUITE][PASSED] - New Test Suite: Test Cases/Test Case 1]]></system-out>
      <system-err><![CDATA[]]></system-err>
   </testsuite>
</testsuites>
