<?xml version="1.0" encoding="UTF-8"?>
<testsuites name="API Test Suite" time="2.983" tests="1" failures="0" errors="0">
   <testsuite name="API Test Suite" tests="1" failures="0" errors="0" time="2.983" skipped="0" timestamp="2022-10-14 07:53:49" hostname="karthik paperflite - DESKTOP-EJ642PJ" id="Test Suites/API Test Suite">
      <properties>
         <property name="deviceName" value=""/>
         <property name="devicePlatform" value=""/>
         <property name="logFolder" value="C:\\Users\\karthik paperflite\\Katalon Studio\\Sample\\Reports\\20221014_075346\\API Test Suite\\20221014_075346"/>
         <property name="logFiles" value="C:\\Users\\karthik paperflite\\Katalon Studio\\Sample\\Reports\\20221014_075346\\API Test Suite\\20221014_075346\\execution0.log"/>
         <property name="attachments" value=""/>
         <property name="hostName" value="karthik paperflite - DESKTOP-EJ642PJ"/>
         <property name="hostAddress" value="192.168.1.23"/>
         <property name="os" value="Windows 10 64bit"/>
         <property name="katalonVersion" value="8.4.0.208"/>
      </properties>
      <testcase name="Test Cases/API/Get Employee Details" time="2.728" classname="Test Cases/API/Get Employee Details" status="PASSED">
         <system-out><![CDATA[2022-10-14 07:53:49 - [TEST_CASE][PASSED] - Test Cases/API/Get Employee Details: Test Cases/API/Get Employee Details

2022-10-14 07:53:50 - [TEST_STEP][PASSED] - response = sendRequestAndVerify(findTestObject("Object Repository/Sampe API/Sample Get Call")): Send request and verify the response successfully

2022-10-14 07:53:51 - [MESSAGE][INFO] - HAR: C:\Users\karthik paperflite\Katalon Studio\Sample\Reports\20221014_075346\API Test Suite\20221014_075346\requests\main\0.har

2022-10-14 07:53:52 - [TEST_CASE][PASSED] - Start Test Case : Verification: Verification accomplished successfully

2022-10-14 07:53:52 - [TEST_STEP][PASSED] - request = getInstance().getCurrentRequest(): null

2022-10-14 07:53:52 - [TEST_STEP][PASSED] - response = getInstance().getCurrentResponse(): null

2022-10-14 07:53:52 - [MESSAGE][PASSED] - Verify response successfully

2022-10-14 07:53:52 - [MESSAGE][PASSED] - All validation steps have been passed

2022-10-14 07:53:52 - [MESSAGE][PASSED] - Send request and verify the response successfully

2022-10-14 07:53:52 - [TEST_STEP][PASSED] - verifyResponseStatusCode(response, 200): Verify response status code successfully

2022-10-14 07:53:52 - [MESSAGE][PASSED] - Verify response status code successfully

2022-10-14 07:53:52 - [TEST_STEP][PASSED] - containsString(response, "tourist_name", false): Check contain string successfully

2022-10-14 07:53:52 - [MESSAGE][PASSED] - Check contain string successfully

2022-10-14 07:53:52 - [TEST_STEP][PASSED] - getElementPropertyValue(response, "tourist_name"): null]]></system-out>
         <system-err><![CDATA[]]></system-err>
      </testcase>
      <system-out><![CDATA[2022-10-14 07:53:49 - [TEST_SUITE][PASSED] - API Test Suite: Test Cases/API/Get Employee Details]]></system-out>
      <system-err><![CDATA[]]></system-err>
   </testsuite>
</testsuites>
